<?xml version="1.0" encoding="UTF-8"?>
<testng-results skipped="0" failed="0" ignored="0" total="1" passed="1">
  <reporter-output>
  </reporter-output>
  <suite name="Default suite" duration-ms="9557" started-at="2018-03-23T04:19:51Z" finished-at="2018-03-23T04:20:01Z">
    <groups>
    </groups>
    <test name="Default test" duration-ms="9557" started-at="2018-03-23T04:19:51Z" finished-at="2018-03-23T04:20:01Z">
      <class name="hrm.linksHandlong">
        <test-method status="PASS" signature="before()[pri:0, instance:hrm.linksHandlong@6eebc39e]" name="before" is-config="true" duration-ms="6125" started-at="2018-03-23T04:19:51Z" finished-at="2018-03-23T04:19:57Z">
          <reporter-output>
          </reporter-output>
        </test-method> <!-- before -->
        <test-method status="PASS" signature="handleLink()[pri:0, instance:hrm.linksHandlong@6eebc39e]" name="handleLink" duration-ms="2548" started-at="2018-03-23T04:19:57Z" finished-at="2018-03-23T04:20:00Z">
          <reporter-output>
          </reporter-output>
        </test-method> <!-- handleLink -->
        <test-method status="PASS" signature="tearDown()[pri:0, instance:hrm.linksHandlong@6eebc39e]" name="tearDown" is-config="true" duration-ms="833" started-at="2018-03-23T04:20:00Z" finished-at="2018-03-23T04:20:01Z">
          <reporter-output>
          </reporter-output>
        </test-method> <!-- tearDown -->
      </class> <!-- hrm.linksHandlong -->
    </test> <!-- Default test -->
  </suite> <!-- Default suite -->
</testng-results>
