<?xml version="1.0" encoding="UTF-8"?>
<testng-results skipped="0" failed="0" ignored="0" total="1" passed="1">
  <reporter-output>
  </reporter-output>
  <suite name="Default suite" duration-ms="13330" started-at="2018-03-25T02:39:07Z" finished-at="2018-03-25T02:39:20Z">
    <groups>
    </groups>
    <test name="Default test" duration-ms="13330" started-at="2018-03-25T02:39:07Z" finished-at="2018-03-25T02:39:20Z">
      <class name="hrm.calendars">
        <test-method status="PASS" signature="before()[pri:0, instance:hrm.calendars@6eebc39e]" name="before" is-config="true" duration-ms="9863" started-at="2018-03-25T02:39:07Z" finished-at="2018-03-25T02:39:17Z">
          <reporter-output>
          </reporter-output>
        </test-method> <!-- before -->
        <test-method status="PASS" signature="handleCalendars()[pri:0, instance:hrm.calendars@6eebc39e]" name="handleCalendars" duration-ms="2710" started-at="2018-03-25T02:39:17Z" finished-at="2018-03-25T02:39:20Z">
          <reporter-output>
          </reporter-output>
        </test-method> <!-- handleCalendars -->
        <test-method status="PASS" signature="tearDown()[pri:0, instance:hrm.calendars@6eebc39e]" name="tearDown" is-config="true" duration-ms="719" started-at="2018-03-25T02:39:20Z" finished-at="2018-03-25T02:39:20Z">
          <reporter-output>
          </reporter-output>
        </test-method> <!-- tearDown -->
      </class> <!-- hrm.calendars -->
    </test> <!-- Default test -->
  </suite> <!-- Default suite -->
</testng-results>
