<?xml version="1.0" encoding="UTF-8"?>
<!-- Generated by org.testng.reporters.JUnitXMLReporter -->
<testsuite hostname="DESKTOP-EDN5UQK" name="login" tests="6" failures="0" timestamp="20 Mar 2018 01:35:12 GMT" time="40.762" errors="0">
  <testcase name="loginLogout" time="2.625" classname="hrm.loginPage"/>
  <testcase name="EmptyUserName" time="0.277" classname="hrm.loginPage"/>
  <testcase name="EmptyUserPassword" time="0.33" classname="hrm.loginPage"/>
  <testcase name="NegLogIn" time="0.768" classname="hrm.loginPage"/>
  <testcase name="NegLogIn" time="0.991" classname="hrm.loginPage"/>
  <testcase name="EmptyUserNameUserPassword" time="0.222" classname="hrm.loginPage"/>
</testsuite> <!-- login -->
