<?xml version="1.0" encoding="UTF-8"?>
<!-- Generated by org.testng.reporters.JUnitXMLReporter -->
<testsuite hostname="DESKTOP-EDN5UQK" ignored="0" name="loginPageTest" tests="6" failures="0" timestamp="22 Mar 2018 19:14:20 GMT" time="40.008" errors="0">
  <testcase name="loginLogout" time="3.719" classname="hrm.loginPage"/>
  <testcase name="EmptyUserName" time="0.268" classname="hrm.loginPage"/>
  <testcase name="EmptyUserPassword" time="0.52" classname="hrm.loginPage"/>
  <testcase name="NegLogIn" time="0.756" classname="hrm.loginPage"/>
  <testcase name="NegLogIn" time="1.268" classname="hrm.loginPage"/>
  <testcase name="EmptyUserNameUserPassword" time="0.141" classname="hrm.loginPage"/>
</testsuite> <!-- loginPageTest -->
