<?xml version="1.0" encoding="UTF-8"?>
<!-- Generated by org.testng.reporters.JUnitXMLReporter -->
<testsuite hostname="DESKTOP-EDN5UQK" ignored="0" name="webElementTest" tests="6" failures="0" timestamp="21 Mar 2018 01:49:03 GMT" time="40.655" errors="0">
  <testcase name="loginLogout" time="3.346" classname="hrm.loginPage"/>
  <testcase name="EmptyUserName" time="0.444" classname="hrm.loginPage"/>
  <testcase name="EmptyUserPassword" time="0.433" classname="hrm.loginPage"/>
  <testcase name="NegLogIn" time="1.004" classname="hrm.loginPage"/>
  <testcase name="NegLogIn" time="1.44" classname="hrm.loginPage"/>
  <testcase name="EmptyUserNameUserPassword" time="0.216" classname="hrm.loginPage"/>
</testsuite> <!-- webElementTest -->
